#
# There is insufficient memory for the Java Runtime Environment to continue.
# Native memory allocation (mmap) failed to map 268435456 bytes for G1 virtual space
# Possible reasons:
#   The system is out of physical RAM or swap space
#   The process is running with CompressedOops enabled, and the Java Heap may be blocking the growth of the native heap
# Possible solutions:
#   Reduce memory load on the system
#   Increase physical memory or swap space
#   Check if swap backing store is full
#   Decrease Java heap size (-Xmx/-Xms)
#   Decrease number of Java threads
#   Decrease Java thread stack sizes (-Xss)
#   Set larger code cache with -XX:ReservedCodeCacheSize=
#   JVM is running with Zero Based Compressed Oops mode in which the Java heap is
#     placed in the first 32GB address space. The Java Heap base address is the
#     maximum limit for the native heap growth. Please use -XX:HeapBaseMinAddress
#     to set the Java Heap base and to place the Java Heap above 32GB virtual address.
# This output file may be truncated or incomplete.
#
#  Out of Memory Error (os_windows.cpp:3771), pid=10280, tid=12508
#
# JRE version:  (17.0.7) (build )
# Java VM: OpenJDK 64-Bit Server VM (17.0.7+0-b2043.56-10550314, mixed mode, sharing, tiered, compressed oops, compressed class ptrs, g1 gc, windows-amd64)
# No core dump will be written. Minidumps are not enabled by default on client versions of Windows
#

---------------  S U M M A R Y ------------

Command Line: -Djava.awt.headless=true -Djava.util.logging.config.file=C:\UserProfiles\pr111aksenov\.android\utp\logging10765090028814298869properties -Dfile.encoding=UTF-8 -Duser.country=RU -Duser.language=ru -Duser.variant com.google.testing.platform.launcher.Launcher C:\UserProfiles\pr111aksenov\.gradle\caches\modules-2\files-2.1\com.google.testing.platform\core\0.0.8-alpha08\762b033d6dcf24e44af8ccc5428ceb3eef540e37\core-0.0.8-alpha08.jar --proto_config=C:\UserProfiles\pr111aksenov\.android\utp\runnerConfig12846083754536257292.pb --proto_server_config=C:\UserProfiles\pr111aksenov\.android\utp\serverConfig3760711479218850143.pb

Host: Intel(R) Core(TM) i7-9700F CPU @ 3.00GHz, 8 cores, 15G,  Windows 10 , 64 bit Build 17763 (10.0.17763.4974)
Time: Wed May  8 12:57:16 2024 ќмское стандартное врем€ elapsed time: 0.005670 seconds (0d 0h 0m 0s)

---------------  T H R E A D  ---------------

Current thread (0x000001da22ea6eb0):  JavaThread "Unknown thread" [_thread_in_vm, id=12508, stack(0x0000008392c00000,0x0000008392d00000)]

Stack: [0x0000008392c00000,0x0000008392d00000]
Native frames: (J=compiled Java code, j=interpreted, Vv=VM code, C=native code)
V  [jvm.dll+0x683bfa]
V  [jvm.dll+0x8430a4]
V  [jvm.dll+0x8449be]
V  [jvm.dll+0x845023]
V  [jvm.dll+0x24ad2f]
V  [jvm.dll+0x680ac9]
V  [jvm.dll+0x67519a]
V  [jvm.dll+0x30b3cb]
V  [jvm.dll+0x312876]
V  [jvm.dll+0x36221e]
V  [jvm.dll+0x36244f]
V  [jvm.dll+0x2e14a8]
V  [jvm.dll+0x2e2414]
V  [jvm.dll+0x814391]
V  [jvm.dll+0x36ffe1]
V  [jvm.dll+0x7f396c]
V  [jvm.dll+0x3f305f]
V  [jvm.dll+0x3f4b91]
C  [jli.dll+0x528f]
C  [ucrtbase.dll+0x2268a]
C  [KERNEL32.DLL+0x17ac4]
C  [ntdll.dll+0x5a4e1]


---------------  P R O C E S S  ---------------

Threads class SMR info:
_java_thread_list=0x00007ffe8773d098, length=0, elements={
}

Java Threads: ( => current thread )

Other Threads:
  0x000001da22f159a0 GCTaskThread "GC Thread#0" [stack: 0x0000008392d00000,0x0000008392e00000] [id=11516]
  0x000001da22f266b0 ConcurrentGCThread "G1 Main Marker" [stack: 0x0000008392e00000,0x0000008392f00000] [id=4648]
  0x000001da22f26fd0 ConcurrentGCThread "G1 Conc#0" [stack: 0x0000008392f00000,0x0000008393000000] [id=8572]

[error occurred during error reporting (printing all threads), id 0xc0000005, EXCEPTION_ACCESS_VIOLATION (0xc0000005) at pc=0x00007ffe86ef2087]

VM state: not at safepoint (not fully initialized)

VM Mutex/Monitor currently owned by a thread:  ([mutex/lock_event])
[0x000001da22ea2d90] Heap_lock - owner thread: 0x000001da22ea6eb0

Heap address: 0x0000000701400000, size: 4076 MB, Compressed Oops mode: Zero based, Oop shift amount: 3

CDS archive(s) mapped at: [0x0000000000000000-0x0000000000000000-0x0000000000000000), size 0, SharedBaseAddress: 0x0000000800000000, ArchiveRelocationMode: 0.
Narrow klass base: 0x0000000000000000, Narrow klass shift: 0, Narrow klass range: 0x0

GC Precious Log:
<Empty>

Heap:
 garbage-first heap   total 0K, used 0K [0x0000000701400000, 0x0000000800000000)
  region size 2048K, 0 young (0K), 0 survivors (0K)
 Metaspace       used 0K, committed 0K, reserved 0K
  class space    used 0K, committed 0K, reserved 0K

Heap Regions: E=young(eden), S=young(survivor), O=old, HS=humongous(starts), HC=humongous(continues), CS=collection set, F=free, OA=open archive, CA=closed archive, TAMS=top-at-mark-start (previous, next)

Card table byte_map: [0x000001da35ea0000,0x000001da366a0000] _byte_map_base: 0x000001da32696000

Marking Bits (Prev, Next): (CMBitMap*) 0x000001da22f15ec0, (CMBitMap*) 0x000001da22f15f00
 Prev Bits: [0x000001da36ea0000, 0x000001da3ae50000)
 Next Bits: [0x000001da3ae50000, 0x000001da3ee00000)

GC Heap History (0 events):
No events

Dll operation events (1 events):
Event: 0.003 Loaded shared library C:\Program Files\Android\Android Studio1\jbr\bin\java.dll

Deoptimization events (0 events):
No events

Classes unloaded (0 events):
No events

Classes redefined (0 events):
No events

Internal exceptions (0 events):
No events

VM Operations (0 events):
No events

Events (0 events):
No events


Dynamic libraries:
0x00007ff75e4b0000 - 0x00007ff75e4ba000 	C:\Program Files\Android\Android Studio1\jbr\bin\java.exe
0x00007ffeee850000 - 0x00007ffeeea3e000 	C:\Windows\SYSTEM32\ntdll.dll
0x00007ffeee280000 - 0x00007ffeee333000 	C:\Windows\System32\KERNEL32.DLL
0x00007ffeeaaa0000 - 0x00007ffeead3d000 	C:\Windows\System32\KERNELBASE.dll
0x00007ffeeb880000 - 0x00007ffeeb97a000 	C:\Windows\System32\ucrtbase.dll
0x00007ffed5a90000 - 0x00007ffed5aa7000 	C:\Program Files\Android\Android Studio1\jbr\bin\jli.dll
0x00007ffe99450000 - 0x00007ffe9946b000 	C:\Program Files\Android\Android Studio1\jbr\bin\VCRUNTIME140.dll
0x00007ffeec0d0000 - 0x00007ffeec267000 	C:\Windows\System32\USER32.dll
0x00007ffed56c0000 - 0x00007ffed5939000 	C:\Windows\WinSxS\amd64_microsoft.windows.common-controls_6595b64144ccf1df_6.0.17763.5458_none_de7234b4534a7f0e\COMCTL32.dll
0x00007ffeeb980000 - 0x00007ffeeb9a0000 	C:\Windows\System32\win32u.dll
0x00007ffeec270000 - 0x00007ffeec30e000 	C:\Windows\System32\msvcrt.dll
0x00007ffeec320000 - 0x00007ffeec349000 	C:\Windows\System32\GDI32.dll
0x00007ffeee340000 - 0x00007ffeee66b000 	C:\Windows\System32\combase.dll
0x00007ffeead90000 - 0x00007ffeeaf3a000 	C:\Windows\System32\gdi32full.dll
0x00007ffeebda0000 - 0x00007ffeebebd000 	C:\Windows\System32\RPCRT4.dll
0x00007ffeeb9a0000 - 0x00007ffeeba40000 	C:\Windows\System32\msvcp_win.dll
0x00007ffeeb770000 - 0x00007ffeeb7f2000 	C:\Windows\System32\bcryptPrimitives.dll
0x00007ffeebd70000 - 0x00007ffeebd9e000 	C:\Windows\System32\IMM32.DLL
0x00007ffeb8e00000 - 0x00007ffeb8e0c000 	C:\Program Files\Android\Android Studio1\jbr\bin\vcruntime140_1.dll
0x00007ffe96340000 - 0x00007ffe963cd000 	C:\Program Files\Android\Android Studio1\jbr\bin\msvcp140.dll
0x00007ffe86c00000 - 0x00007ffe87880000 	C:\Program Files\Android\Android Studio1\jbr\bin\server\jvm.dll
0x00007ffeee670000 - 0x00007ffeee718000 	C:\Windows\System32\ADVAPI32.dll
0x00007ffeeca20000 - 0x00007ffeecac2000 	C:\Windows\System32\sechost.dll
0x00007ffeeb690000 - 0x00007ffeeb6b6000 	C:\Windows\System32\bcrypt.dll
0x00007ffee85e0000 - 0x00007ffee85e9000 	C:\Windows\SYSTEM32\WSOCK32.dll
0x00007ffee8890000 - 0x00007ffee88b4000 	C:\Windows\SYSTEM32\WINMM.dll
0x00007ffee3470000 - 0x00007ffee347a000 	C:\Windows\SYSTEM32\VERSION.dll
0x00007ffeecb40000 - 0x00007ffeecbad000 	C:\Windows\System32\WS2_32.dll
0x00007ffee8860000 - 0x00007ffee888d000 	C:\Windows\SYSTEM32\winmmbase.dll
0x00007ffeead40000 - 0x00007ffeead8a000 	C:\Windows\System32\cfgmgr32.dll
0x00007ffeea830000 - 0x00007ffeea841000 	C:\Windows\System32\kernel.appcore.dll
0x00007ffee8550000 - 0x00007ffee855a000 	C:\Program Files\Android\Android Studio1\jbr\bin\jimage.dll
0x00007ffed5f20000 - 0x00007ffed610d000 	C:\Windows\SYSTEM32\DBGHELP.DLL
0x00007ffed5be0000 - 0x00007ffed5c0a000 	C:\Windows\SYSTEM32\dbgcore.DLL
0x00007ffeb4ab0000 - 0x00007ffeb4ad5000 	C:\Program Files\Android\Android Studio1\jbr\bin\java.dll

dbghelp: loaded successfully - version: 4.0.5 - missing functions: none
symbol engine: initialized successfully - sym options: 0x614 - pdb path: .;C:\Program Files\Android\Android Studio1\jbr\bin;C:\Windows\SYSTEM32;C:\Windows\WinSxS\amd64_microsoft.windows.common-controls_6595b64144ccf1df_6.0.17763.5458_none_de7234b4534a7f0e;C:\Program Files\Android\Android Studio1\jbr\bin\server

VM Arguments:
jvm_args: -Djava.awt.headless=true -Djava.util.logging.config.file=C:\UserProfiles\pr111aksenov\.android\utp\logging10765090028814298869properties -Dfile.encoding=UTF-8 -Duser.country=RU -Duser.language=ru -Duser.variant 
java_command: com.google.testing.platform.launcher.Launcher C:\UserProfiles\pr111aksenov\.gradle\caches\modules-2\files-2.1\com.google.testing.platform\core\0.0.8-alpha08\762b033d6dcf24e44af8ccc5428ceb3eef540e37\core-0.0.8-alpha08.jar --proto_config=C:\UserProfiles\pr111aksenov\.android\utp\runnerConfig12846083754536257292.pb --proto_server_config=C:\UserProfiles\pr111aksenov\.android\utp\serverConfig3760711479218850143.pb
java_class_path (initial): C:\UserProfiles\pr111aksenov\.gradle\caches\modules-2\files-2.1\com.google.testing.platform\launcher\0.0.8-alpha08\de8664b74f9b70fea224c610fd41b802805c72ab\launcher-0.0.8-alpha08.jar
Launcher Type: SUN_STANDARD

[Global flags]
     intx CICompilerCount                          = 4                                         {product} {ergonomic}
     uint ConcGCThreads                            = 2                                         {product} {ergonomic}
     uint G1ConcRefinementThreads                  = 8                                         {product} {ergonomic}
   size_t G1HeapRegionSize                         = 2097152                                   {product} {ergonomic}
    uintx GCDrainStackTargetSize                   = 64                                        {product} {ergonomic}
   size_t InitialHeapSize                          = 268435456                                 {product} {ergonomic}
   size_t MarkStackSize                            = 4194304                                   {product} {ergonomic}
   size_t MaxHeapSize                              = 4273995776                                {product} {ergonomic}
   size_t MinHeapDeltaBytes                        = 2097152                                   {product} {ergonomic}
   size_t MinHeapSize                              = 8388608                                   {product} {ergonomic}
    uintx NonNMethodCodeHeapSize                   = 5839372                                {pd product} {ergonomic}
    uintx NonProfiledCodeHeapSize                  = 122909434                              {pd product} {ergonomic}
    uintx ProfiledCodeHeapSize                     = 122909434                              {pd product} {ergonomic}
    uintx ReservedCodeCacheSize                    = 251658240                              {pd product} {ergonomic}
     bool SegmentedCodeCache                       = true                                      {product} {ergonomic}
   size_t SoftMaxHeapSize                          = 4273995776                             {manageable} {ergonomic}
     bool UseCompressedClassPointers               = true                           {product lp64_product} {ergonomic}
     bool UseCompressedOops                        = true                           {product lp64_product} {ergonomic}
     bool UseG1GC                                  = true                                      {product} {ergonomic}
     bool UseLargePagesIndividualAllocation        = false                                  {pd product} {ergonomic}

Logging:
Log output configuration:
 #0: stdout all=warning uptime,level,tags
 #1: stderr all=off uptime,level,tags

Environment Variables:
JAVA_HOME=C:\Program Files\Android\Jdk\microsoft_dist_openjdk_1.8.0.25
PATH=C:\Program Files\Microsoft MPI\Bin\;C:\Program Files\Python311\Scripts\;C:\Program Files\Python311\;C:\Program Files (x86)\Common Files\Intel\Shared Libraries\redist\intel64\compiler;C:\Windows\system32;C:\Windows;C:\Windows\System32\Wbem;C:\Windows\System32\WindowsPowerShell\v1.0\;C:\Windows\System32\OpenSSH\;C:\Program Files\Common Files\Autodesk Shared\;C:\Program Files\Microsoft SQL Server\120\Tools\Binn\;C:\Program Files\dotnet\;C:\Program Files\Microsoft SQL Server\130\Tools\Binn\;C:\Program Files\Microsoft SQL Server\Client SDK\ODBC\170\Tools\Binn\;C:\Program Files (x86)\IncrediBuild;C:\Program Files (x86)\NVIDIA Corporation\PhysX\Common;C:\Program Files\Git\cmd;C:\Program Files\Microsoft VS Code\bin;C:\Program Files (x86)\Microsoft SQL Server\160\DTS\Binn\;C:\Program Files\Azure Data Studio\bin;C:\Program Files (x86)\Microsoft SQL Server\160\Tools\Binn\;C:\Program Files\Microsoft SQL Server\160\Tools\Binn\;C:\Program Files\Microsoft SQL Server\160\DTS\Binn\;C:\UserProfiles\pr111aksenov\AppData\Local\Microsoft\WindowsApps;
USERNAME=pr111aksenov
OS=Windows_NT
PROCESSOR_IDENTIFIER=Intel64 Family 6 Model 158 Stepping 13, GenuineIntel
TMP=C:\USERPR~1\pr111aksenov\AppData\Local\Temp
TEMP=C:\USERPR~1\pr111aksenov\AppData\Local\Temp


JNI global refs:
JNI global refs: 0, weak refs: 0

JNI global refs memory usage: 0, weak refs: 0

OOME stack traces (most recent first):
Classloader memory used:


---------------  S Y S T E M  ---------------

OS:
 Windows 10 , 64 bit Build 17763 (10.0.17763.4974)
OS uptime: 0 days 5:01 hours

CPU: total 8 (initial active 8) (8 cores per cpu, 1 threads per core) family 6 model 158 stepping 13 microcode 0xde, cx8, cmov, fxsr, mmx, 3dnowpref, sse, sse2, sse3, ssse3, sse4.1, sse4.2, popcnt, lzcnt, tsc, tscinvbit, avx, avx2, aes, erms, clmul, bmi1, bmi2, adx, fma, vzeroupper, clflush, clflushopt

Memory: 4k page, system-wide physical 16303M (3059M free)
TotalPageFile size 16303M (AvailPageFile size 100M)
current process WorkingSet (physical memory assigned to process): 10M, peak: 10M
current process commit charge ("private bytes"): 60M, peak: 316M

vm_info: OpenJDK 64-Bit Server VM (17.0.7+0-b2043.56-10550314) for windows-amd64 JRE (17.0.7+0-b2043.56-10550314), built on Jul 24 2023 18:27:45 by "androidbuild" with MS VC++ 16.10 / 16.11 (VS2019)

END.
